<?xml version="1.0" encoding="UTF-8"?>
<testng-results ignored="0" total="1" passed="1" failed="0" skipped="0">
  <reporter-output>
  </reporter-output>
  <suite started-at="2022-03-18T17:33:11 IST" name="Suite" finished-at="2022-03-18T17:33:26 IST" duration-ms="15577">
    <groups>
    </groups>
    <test started-at="2022-03-18T17:33:11 IST" name="Test" finished-at="2022-03-18T17:33:26 IST" duration-ms="15577">
      <class name="Test.Testclass">
        <test-method is-config="true" signature="launchbrowser(java.lang.String)[pri:0, instance:Test.Testclass@3527942a]" started-at="2022-03-18T17:33:11 IST" name="launchbrowser" finished-at="2022-03-18T17:33:26 IST" duration-ms="15521" status="PASS">
          <params>
            <param index="0">
              <value>
                <![CDATA[chrome]]>
              </value>
            </param>
          </params>
          <reporter-output>
          </reporter-output>
        </test-method> <!-- launchbrowser -->
        <test-method signature="validation()[pri:0, instance:Test.Testclass@3527942a]" started-at="2022-03-18T17:33:26 IST" name="validation" finished-at="2022-03-18T17:33:26 IST" duration-ms="7" status="PASS">
          <reporter-output>
          </reporter-output>
        </test-method> <!-- validation -->
      </class> <!-- Test.Testclass -->
    </test> <!-- Test -->
  </suite> <!-- Suite -->
</testng-results>
